Traceback (most recent call last):
  File "/Users/chris.snow/miniconda3/lib/python3.12/site-packages/jupyter_cache/executors/utils.py", line 58, in single_nb_execution
    executenb(
  File "/Users/chris.snow/miniconda3/lib/python3.12/site-packages/nbclient/client.py", line 1319, in execute
    return NotebookClient(nb=nb, resources=resources, km=km, **kwargs).execute()
           ^^^^^^^^^^^^^^^^^^^^^^^^^^^^^^^^^^^^^^^^^^^^^^^^^^^^^^^^^^^^^^^^^^^^^
  File "/Users/chris.snow/miniconda3/lib/python3.12/site-packages/jupyter_core/utils/__init__.py", line 165, in wrapped
    return loop.run_until_complete(inner)
           ^^^^^^^^^^^^^^^^^^^^^^^^^^^^^^
  File "/Users/chris.snow/miniconda3/lib/python3.12/asyncio/base_events.py", line 691, in run_until_complete
    return future.result()
           ^^^^^^^^^^^^^^^
  File "/Users/chris.snow/miniconda3/lib/python3.12/site-packages/nbclient/client.py", line 709, in async_execute
    await self.async_execute_cell(
  File "/Users/chris.snow/miniconda3/lib/python3.12/site-packages/nbclient/client.py", line 1062, in async_execute_cell
    await self._check_raise_for_error(cell, cell_index, exec_reply)
  File "/Users/chris.snow/miniconda3/lib/python3.12/site-packages/nbclient/client.py", line 918, in _check_raise_for_error
    raise CellExecutionError.from_cell_and_msg(cell, exec_reply_content)
nbclient.exceptions.CellExecutionError: An error occurred while executing the following cell:
------------------
import numpy as np
import matplotlib.pyplot as plt
import scipy.stats as stats

# --- Simulation Parameters ---
num_simulations = 100000

# --- Simulate Uniform Random Variables ---
# Generate pairs of independent Uniform(0, 1) variables
X = np.random.rand(num_simulations)
Y = np.random.rand(num_simulations)

# --- Calculate the Sum ---
Z = X + Y

# --- Define the Theoretical PDF ---
def triangular_pdf(z):
    if 0 <= z <= 1:
        return z
    elif 1 < z <= 2:
        return 2 - z
    else:
        return 0

# Vectorize the function for plotting
v_triangular_pdf = np.vectorize(triangular_pdf)

# --- Plotting ---
plt.figure(figsize=(10, 6))

# Plot histogram of simulated sums
plt.hist(Z, bins=50, density=True, alpha=0.7, label=f'Simulated Sums (n={num_simulations})')

# Plot theoretical PDF
z_values = np.linspace(0, 2, 400)
pdf_values = v_triangular_pdf(z_values)
plt.plot(z_values, pdf_values, 'r-', lw=2, label='Theoretical Triangular PDF')

plt.title('Sum of Two Independent Uniform(0, 1) Variables')
plt.xlabel('Z = X + Y')
plt.ylabel('Density')
plt.legend()
plt.grid(True, linestyle='--', alpha=0.6)
plt.show()
------------------


[31m---------------------------------------------------------------------------[39m
[31mModuleNotFoundError[39m                       Traceback (most recent call last)
[36mCell[39m[36m [39m[32mIn[1][39m[32m, line 3[39m
[32m      1[39m [38;5;28;01mimport[39;00m[38;5;250m [39m[34;01mnumpy[39;00m[38;5;250m [39m[38;5;28;01mas[39;00m[38;5;250m [39m[34;01mnp[39;00m
[32m      2[39m [38;5;28;01mimport[39;00m[38;5;250m [39m[34;01mmatplotlib[39;00m[34;01m.[39;00m[34;01mpyplot[39;00m[38;5;250m [39m[38;5;28;01mas[39;00m[38;5;250m [39m[34;01mplt[39;00m
[32m----> [39m[32m3[39m [38;5;28;01mimport[39;00m[38;5;250m [39m[34;01mscipy[39;00m[34;01m.[39;00m[34;01mstats[39;00m[38;5;250m [39m[38;5;28;01mas[39;00m[38;5;250m [39m[34;01mstats[39;00m
[32m      5[39m [38;5;66;03m# --- Simulation Parameters ---[39;00m
[32m      6[39m num_simulations = [32m100000[39m

[31mModuleNotFoundError[39m: No module named 'scipy'

